# JRE version: Java(TM) SE Runtime Environment (8.0_151-b12) (build 1.8.0_151-b12)
# Java VM: Java HotSpot(TM) 64-Bit Server VM (25.151-b12 mixed mode linux-amd64 compressed oops)
Heap:
 PSYoungGen      total 564224K, used 13191K [0x00000000d5580000, 0x0000000100000000, 0x0000000100000000)
  eden space 461312K, 0% used [0x00000000d5580000,0x00000000d5580000,0x00000000f1800000)
  from space 102912K, 12% used [0x00000000f9b80000,0x00000000fa861eb0,0x0000000100000000)
  to   space 118784K, 0% used [0x00000000f1800000,0x00000000f1800000,0x00000000f8c00000)
 ParOldGen       total 309248K, used 308997K [0x0000000080000000, 0x0000000092e00000, 0x00000000d5580000)
  object space 309248K, 99% used [0x0000000080000000,0x0000000092dc1648,0x0000000092e00000)
 Metaspace       used 4222K, capacity 5012K, committed 5120K, reserved 1056768K
  class space    used 436K, capacity 464K, committed 512K, reserved 1048576K
GC Heap History (10 events):
Event: 6.470 GC heap after
Heap after GC invocations=14 (full 2):
 PSYoungGen      total 586752K, used 58360K [0x00000000d5580000, 0x00000000ff480000, 0x0000000100000000)
  eden space 528384K, 0% used [0x00000000d5580000,0x00000000d5580000,0x00000000f5980000)
  from space 58368K, 99% used [0x00000000fa000000,0x00000000fd8fe220,0x00000000fd900000)
  to   space 72192K, 0% used [0x00000000f5980000,0x00000000f5980000,0x00000000fa000000)
 ParOldGen       total 287744K, used 175425K [0x0000000080000000, 0x0000000091900000, 0x00000000d5580000)
  object space 287744K, 60% used [0x0000000080000000,0x000000008ab50790,0x0000000091900000)
 Metaspace       used 3712K, capacity 4844K, committed 5120K, reserved 1056768K
  class space    used 387K, capacity 424K, committed 512K, reserved 1048576K
}
Event: 7.970 GC heap before
{Heap before GC invocations=15 (full 2):
 PSYoungGen      total 586752K, used 586744K [0x00000000d5580000, 0x00000000ff480000, 0x0000000100000000)
  eden space 528384K, 100% used [0x00000000d5580000,0x00000000f5980000,0x00000000f5980000)
  from space 58368K, 99% used [0x00000000fa000000,0x00000000fd8fe220,0x00000000fd900000)
  to   space 72192K, 0% used [0x00000000f5980000,0x00000000f5980000,0x00000000fa000000)
 ParOldGen       total 287744K, used 175425K [0x0000000080000000, 0x0000000091900000, 0x00000000d5580000)
  object space 287744K, 60% used [0x0000000080000000,0x000000008ab50790,0x0000000091900000)
 Metaspace       used 3712K, capacity 4844K, committed 5120K, reserved 1056768K
  class space    used 387K, capacity 424K, committed 512K, reserved 1048576K
Event: 8.039 GC heap after
Heap after GC invocations=15 (full 2):
 PSYoungGen      total 600576K, used 72168K [0x00000000d5580000, 0x0000000100000000, 0x0000000100000000)
  eden space 528384K, 0% used [0x00000000d5580000,0x00000000d5580000,0x00000000f5980000)
  from space 72192K, 99% used [0x00000000f5980000,0x00000000f9ffa230,0x00000000fa000000)
  to   space 90624K, 0% used [0x00000000fa780000,0x00000000fa780000,0x0000000100000000)
 ParOldGen       total 287744K, used 195593K [0x0000000080000000, 0x0000000091900000, 0x00000000d5580000)
  object space 287744K, 67% used [0x0000000080000000,0x000000008bf02790,0x0000000091900000)
 Metaspace       used 3712K, capacity 4844K, committed 5120K, reserved 1056768K
  class space    used 387K, capacity 424K, committed 512K, reserved 1048576K
}
Event: 10.054 GC heap before
{Heap before GC invocations=16 (full 2):
 PSYoungGen      total 600576K, used 600552K [0x00000000d5580000, 0x0000000100000000, 0x0000000100000000)
  eden space 528384K, 100% used [0x00000000d5580000,0x00000000f5980000,0x00000000f5980000)
  from space 72192K, 99% used [0x00000000f5980000,0x00000000f9ffa230,0x00000000fa000000)
  to   space 90624K, 0% used [0x00000000fa780000,0x00000000fa780000,0x0000000100000000)
 ParOldGen       total 287744K, used 195593K [0x0000000080000000, 0x0000000091900000, 0x00000000d5580000)
  object space 287744K, 67% used [0x0000000080000000,0x000000008bf02790,0x0000000091900000)
 Metaspace       used 3712K, capacity 4844K, committed 5120K, reserved 1056768K
  class space    used 387K, capacity 424K, committed 512K, reserved 1048576K
Event: 10.126 GC heap after
Heap after GC invocations=16 (full 2):
 PSYoungGen      total 583680K, used 85700K [0x00000000d5580000, 0x0000000100000000, 0x0000000100000000)
  eden space 493056K, 0% used [0x00000000d5580000,0x00000000d5580000,0x00000000f3700000)
  from space 90624K, 94% used [0x00000000fa780000,0x00000000ffb31300,0x0000000100000000)
  to   space 102912K, 0% used [0x00000000f3700000,0x00000000f3700000,0x00000000f9b80000)
 ParOldGen       total 287744K, used 221550K [0x0000000080000000, 0x0000000091900000, 0x00000000d5580000)
  object space 287744K, 76% used [0x0000000080000000,0x000000008d85b820,0x0000000091900000)
 Metaspace       used 3712K, capacity 4844K, committed 5120K, reserved 1056768K
  class space    used 387K, capacity 424K, committed 512K, reserved 1048576K
}
Event: 16.514 GC heap before
{Heap before GC invocations=17 (full 2):
 PSYoungGen      total 583680K, used 578756K [0x00000000d5580000, 0x0000000100000000, 0x0000000100000000)
  eden space 493056K, 100% used [0x00000000d5580000,0x00000000f3700000,0x00000000f3700000)
  from space 90624K, 94% used [0x00000000fa780000,0x00000000ffb31300,0x0000000100000000)
  to   space 102912K, 0% used [0x00000000f3700000,0x00000000f3700000,0x00000000f9b80000)
 ParOldGen       total 287744K, used 221550K [0x0000000080000000, 0x0000000091900000, 0x00000000d5580000)
  object space 287744K, 76% used [0x0000000080000000,0x000000008d85b820,0x0000000091900000)
 Metaspace       used 4157K, capacity 4948K, committed 5120K, reserved 1056768K
  class space    used 436K, capacity 464K, committed 512K, reserved 1048576K
Event: 16.605 GC heap after
Heap after GC invocations=17 (full 2):
 PSYoungGen      total 595968K, used 102900K [0x00000000d5580000, 0x0000000100000000, 0x0000000100000000)
  eden space 493056K, 0% used [0x00000000d5580000,0x00000000d5580000,0x00000000f3700000)
  from space 102912K, 99% used [0x00000000f3700000,0x00000000f9b7d310,0x00000000f9b80000)
  to   space 102912K, 0% used [0x00000000f9b80000,0x00000000f9b80000,0x0000000100000000)
 ParOldGen       total 287744K, used 230398K [0x0000000080000000, 0x0000000091900000, 0x00000000d5580000)
  object space 287744K, 80% used [0x0000000080000000,0x000000008e0ffb20,0x0000000091900000)
 Metaspace       used 4157K, capacity 4948K, committed 5120K, reserved 1056768K
  class space    used 436K, capacity 464K, committed 512K, reserved 1048576K
}
Event: 17.448 GC heap before
{Heap before GC invocations=18 (full 2):
 PSYoungGen      total 595968K, used 595956K [0x00000000d5580000, 0x0000000100000000, 0x0000000100000000)
  eden space 493056K, 100% used [0x00000000d5580000,0x00000000f3700000,0x00000000f3700000)
  from space 102912K, 99% used [0x00000000f3700000,0x00000000f9b7d310,0x00000000f9b80000)
  to   space 102912K, 0% used [0x00000000f9b80000,0x00000000f9b80000,0x0000000100000000)
 ParOldGen       total 287744K, used 230398K [0x0000000080000000, 0x0000000091900000, 0x00000000d5580000)
  object space 287744K, 80% used [0x0000000080000000,0x000000008e0ffb20,0x0000000091900000)
 Metaspace       used 4222K, capacity 5012K, committed 5120K, reserved 1056768K
  class space    used 436K, capacity 464K, committed 512K, reserved 1048576K
Event: 17.516 GC heap after
Heap after GC invocations=18 (full 2):
 PSYoungGen      total 564224K, used 26640K [0x00000000d5580000, 0x0000000100000000, 0x0000000100000000)
  eden space 461312K, 0% used [0x00000000d5580000,0x00000000d5580000,0x00000000f1800000)
  from space 102912K, 25% used [0x00000000f9b80000,0x00000000fb584010,0x0000000100000000)
  to   space 118784K, 0% used [0x00000000f1800000,0x00000000f1800000,0x00000000f8c00000)
 ParOldGen       total 309248K, used 307375K [0x0000000080000000, 0x0000000092e00000, 0x00000000d5580000)
  object space 309248K, 99% used [0x0000000080000000,0x0000000092c2be70,0x0000000092e00000)
 Metaspace       used 4222K, capacity 5012K, committed 5120K, reserved 1056768K
  class space    used 436K, capacity 464K, committed 512K, reserved 1048576K
}
Event: 17.516 GC heap before
{Heap before GC invocations=19 (full 3):
 PSYoungGen      total 564224K, used 26640K [0x00000000d5580000, 0x0000000100000000, 0x0000000100000000)
  eden space 461312K, 0% used [0x00000000d5580000,0x00000000d5580000,0x00000000f1800000)
  from space 102912K, 25% used [0x00000000f9b80000,0x00000000fb584010,0x0000000100000000)
  to   space 118784K, 0% used [0x00000000f1800000,0x00000000f1800000,0x00000000f8c00000)
 ParOldGen       total 309248K, used 307375K [0x0000000080000000, 0x0000000092e00000, 0x00000000d5580000)
  object space 309248K, 99% used [0x0000000080000000,0x0000000092c2be70,0x0000000092e00000)
 Metaspace       used 4222K, capacity 5012K, committed 5120K, reserved 1056768K
  class space    used 436K, capacity 464K, committed 512K, reserved 1048576K

